2022-11-19 18:48:03,287:INFO:PyCaret Supervised Module
2022-11-19 18:48:03,296:INFO:ML Usecase: classification
2022-11-19 18:48:03,299:INFO:version 2.3.10
2022-11-19 18:48:03,303:INFO:Initializing setup()
2022-11-19 18:48:03,304:INFO:setup(target=Transported, ml_usecase=classification, available_plots={'parameter': 'Hyperparameters', 'auc': 'AUC', 'confusion_matrix': 'Confusion Matrix', 'threshold': 'Threshold', 'pr': 'Precision Recall', 'error': 'Prediction Error', 'class_report': 'Class Report', 'rfe': 'Feature Selection', 'learning': 'Learning Curve', 'manifold': 'Manifold Learning', 'calibration': 'Calibration Curve', 'vc': 'Validation Curve', 'dimension': 'Dimensions', 'feature': 'Feature Importance', 'feature_all': 'Feature Importance (All)', 'boundary': 'Decision Boundary', 'lift': 'Lift Chart', 'gain': 'Gain Chart', 'tree': 'Decision Tree', 'ks': 'KS Statistic Plot'}, train_size=0.7, test_data=None, preprocess=True, imputation_type=simple, iterative_imputation_iters=5, categorical_features=None, categorical_imputation=constant, categorical_iterative_imputer=lightgbm, ordinal_features=None, high_cardinality_features=None, high_cardinality_method=frequency, numeric_features=None, numeric_imputation=mean, numeric_iterative_imputer=lightgbm, date_features=None, ignore_features=None, normalize=False, normalize_method=zscore, transformation=False, transformation_method=yeo-johnson, handle_unknown_categorical=True, unknown_categorical_method=least_frequent, pca=False, pca_method=linear, pca_components=None, ignore_low_variance=False, combine_rare_levels=False, rare_level_threshold=0.1, bin_numeric_features=None, remove_outliers=False, outliers_threshold=0.05, remove_multicollinearity=False, multicollinearity_threshold=0.9, remove_perfect_collinearity=True, create_clusters=False, cluster_iter=20, polynomial_features=False, polynomial_degree=2, trigonometry_features=False, polynomial_threshold=0.1, group_features=None, group_names=None, feature_selection=False, feature_selection_threshold=0.8, feature_selection_method=classic, feature_interaction=False, feature_ratio=False, interaction_threshold=0.01, fix_imbalance=False, fix_imbalance_method=None, transform_target=False, transform_target_method=box-cox, data_split_shuffle=True, data_split_stratify=False, fold_strategy=stratifiedkfold, fold=10, fold_shuffle=False, fold_groups=None, n_jobs=-1, use_gpu=False, custom_pipeline=None, html=True, session_id=None, log_experiment=False, experiment_name=None, experiment_custom_tags=None, log_plots=False, log_profile=False, log_data=False, silent=False, verbose=True, profile=False, profile_kwargs=None, display=None)
2022-11-19 18:48:03,306:INFO:Checking environment
2022-11-19 18:48:03,310:INFO:python_version: 3.7.15
2022-11-19 18:48:03,312:INFO:python_build: ('default', 'Oct 12 2022 19:14:55')
2022-11-19 18:48:03,314:INFO:machine: x86_64
2022-11-19 18:48:03,315:INFO:platform: Linux-5.10.133+-x86_64-with-Ubuntu-18.04-bionic
2022-11-19 18:48:03,317:INFO:Memory: svmem(total=13616361472, available=11589885952, percent=14.9, used=1944821760, free=4429705216, active=1096994816, inactive=7542226944, buffers=129687552, cached=7112146944, shared=1368064, slab=418033664)
2022-11-19 18:48:03,319:INFO:Physical Core: 1
2022-11-19 18:48:03,321:INFO:Logical Core: 2
2022-11-19 18:48:03,322:INFO:Checking libraries
2022-11-19 18:48:03,324:INFO:pd==1.3.5
2022-11-19 18:48:03,325:INFO:numpy==1.20.0
2022-11-19 18:48:03,327:INFO:sklearn==0.23.2
2022-11-19 18:48:03,328:INFO:lightgbm==3.3.3
2022-11-19 18:48:03,330:WARNING:catboost not found
2022-11-19 18:48:03,395:INFO:xgboost==0.90
2022-11-19 18:48:03,396:INFO:mlflow==1.30.0
2022-11-19 18:48:03,399:INFO:Checking Exceptions
2022-11-19 18:48:03,401:INFO:Declaring global variables
2022-11-19 18:48:03,407:INFO:USI: d166
2022-11-19 18:48:03,410:INFO:pycaret_globals: {'n_jobs_param', 'data_before_preprocess', 'fold_param', 'y', 'transform_target_method_param', 'USI', 'exp_name_log', 'display_container', '_all_models', 'stratify_param', 'fold_generator', 'y_train', 'imputation_classifier', 'X', 'master_model_container', 'prep_pipe', 'fix_imbalance_method_param', 'create_model_container', 'X_test', '_all_metrics', 'y_test', 'logging_param', 'fold_shuffle_param', 'seed', 'iterative_imputation_iters_param', 'html_param', 'fold_groups_param_full', 'imputation_regressor', 'experiment__', 'log_plots_param', 'X_train', 'gpu_param', 'fix_imbalance_param', 'target_param', '_ml_usecase', '_internal_pipeline', '_all_models_internal', 'pycaret_globals', '_gpu_n_jobs_param', 'transform_target_param', '_available_plots', 'dashboard_logger', 'fold_groups_param'}
2022-11-19 18:48:03,412:INFO:Preparing display monitor
2022-11-19 18:48:03,415:INFO:Preparing display monitor
2022-11-19 18:48:03,441:INFO:Importing libraries
2022-11-19 18:48:03,443:INFO:Copying data for preprocessing
2022-11-19 18:48:03,460:INFO:Declaring preprocessing parameters
2022-11-19 18:48:03,465:INFO:Creating preprocessing pipeline
2022-11-19 18:48:04,034:INFO:Preprocessing pipeline created successfully
2022-11-19 18:48:04,037:ERROR:(Process Exit): setup has been interupted with user command 'quit'. setup must rerun.
2022-11-19 18:48:04,040:INFO:Creating global containers
2022-11-19 18:48:04,043:INFO:Internal pipeline: Pipeline(memory=None, steps=[('empty_step', 'passthrough')], verbose=False)
2022-11-19 18:48:07,895:WARNING:Wrong xgboost version. Expected xgboost>=1.1.0, got xgboost==0.90
2022-11-19 18:48:07,899:WARNING:Couldn't import catboost.CatBoostClassifier
2022-11-19 18:48:07,970:WARNING:Wrong xgboost version. Expected xgboost>=1.1.0, got xgboost==0.90
2022-11-19 18:48:07,974:WARNING:Couldn't import catboost.CatBoostClassifier
2022-11-19 18:48:07,977:INFO:Creating grid variables
2022-11-19 18:48:08,001:INFO:create_model_container: 0
2022-11-19 18:48:08,005:INFO:master_model_container: 0
2022-11-19 18:48:08,007:INFO:display_container: 1
2022-11-19 18:48:08,018:INFO:Pipeline(memory=None,
         steps=[('dtypes',
                 DataTypes_Auto_infer(categorical_features=[],
                                      display_types=True, features_todrop=[],
                                      id_columns=[],
                                      ml_usecase='classification',
                                      numerical_features=[],
                                      target='Transported', time_features=[])),
                ('imputer',
                 Simple_Imputer(categorical_strategy='not_available',
                                fill_value_categorical=None,
                                fill_value_numerical=None,
                                numeric_...
                ('scaling', 'passthrough'), ('P_transform', 'passthrough'),
                ('binn', 'passthrough'), ('rem_outliers', 'passthrough'),
                ('cluster_all', 'passthrough'),
                ('dummy', Dummify(target='Transported')),
                ('fix_perfect', Remove_100(target='Transported')),
                ('clean_names', Clean_Colum_Names()),
                ('feature_select', 'passthrough'), ('fix_multi', 'passthrough'),
                ('dfs', 'passthrough'), ('pca', 'passthrough')],
         verbose=False)
2022-11-19 18:48:08,019:INFO:setup() succesfully completed......................................
2022-11-19 18:48:43,494:INFO:Initializing compare_models()
2022-11-19 18:48:43,505:INFO:compare_models(include=None, fold=None, round=4, cross_validation=True, sort=Accuracy, n_select=1, budget_time=None, turbo=True, errors=ignore, fit_kwargs=None, groups=None, experiment_custom_tags=None, probability_threshold=None, verbose=True, display=None, exclude=None)
2022-11-19 18:48:43,511:INFO:Checking exceptions
2022-11-19 18:48:43,517:INFO:Preparing display monitor
2022-11-19 18:48:43,518:INFO:Preparing display monitor
2022-11-19 18:48:43,612:INFO:Initializing Logistic Regression
2022-11-19 18:48:43,616:INFO:Total runtime is 7.146199544270834e-05 minutes
2022-11-19 18:48:43,638:INFO:SubProcess create_model() called ==================================
2022-11-19 18:48:43,642:INFO:Initializing create_model()
2022-11-19 18:48:43,645:INFO:create_model(estimator=lr, fold=StratifiedKFold(n_splits=10, random_state=None, shuffle=False), round=4, cross_validation=True, predict=True, fit_kwargs={}, groups=None, refit=False, verbose=False, system=False, metrics=None, experiment_custom_tags=None, add_to_model_list=True, probability_threshold=None, display=<pycaret.internal.Display.Display object at 0x7f6b7dce52d0>, return_train_score=False, kwargs={})
2022-11-19 18:48:43,647:INFO:Checking exceptions
2022-11-19 18:48:43,652:INFO:Importing libraries
2022-11-19 18:48:43,654:INFO:Copying training dataset
2022-11-19 18:48:43,656:INFO:Defining folds
2022-11-19 18:48:43,660:INFO:Declaring metric variables
2022-11-19 18:48:43,685:INFO:Importing untrained model
2022-11-19 18:48:43,704:INFO:Logistic Regression Imported succesfully
2022-11-19 18:48:43,753:INFO:Starting cross validation
2022-11-19 18:48:43,758:INFO:Cross validating with StratifiedKFold(n_splits=10, random_state=None, shuffle=False), n_jobs=-1
2022-11-19 18:48:47,732:INFO:Calculating mean and std
2022-11-19 18:48:47,735:INFO:Creating metrics dataframe
2022-11-19 18:48:47,748:INFO:Uploading results into container
2022-11-19 18:48:47,754:INFO:Uploading model into container now
2022-11-19 18:48:47,756:INFO:create_model_container: 1
2022-11-19 18:48:47,759:INFO:master_model_container: 1
2022-11-19 18:48:47,762:INFO:display_container: 2
2022-11-19 18:48:47,764:INFO:LogisticRegression(C=1.0, class_weight=None, dual=False, fit_intercept=True,
                   intercept_scaling=1, l1_ratio=None, max_iter=1000,
                   multi_class='auto', n_jobs=None, penalty='l2',
                   random_state=262, solver='lbfgs', tol=0.0001, verbose=0,
                   warm_start=False)
2022-11-19 18:48:47,769:INFO:create_model() succesfully completed......................................
2022-11-19 18:48:47,925:INFO:SubProcess create_model() end ==================================
2022-11-19 18:48:47,926:INFO:Creating metrics dataframe
2022-11-19 18:48:47,945:INFO:Initializing K Neighbors Classifier
2022-11-19 18:48:47,948:INFO:Total runtime is 0.07228129307428996 minutes
2022-11-19 18:48:47,967:INFO:SubProcess create_model() called ==================================
2022-11-19 18:48:47,970:INFO:Initializing create_model()
2022-11-19 18:48:47,972:INFO:create_model(estimator=knn, fold=StratifiedKFold(n_splits=10, random_state=None, shuffle=False), round=4, cross_validation=True, predict=True, fit_kwargs={}, groups=None, refit=False, verbose=False, system=False, metrics=None, experiment_custom_tags=None, add_to_model_list=True, probability_threshold=None, display=<pycaret.internal.Display.Display object at 0x7f6b7dce52d0>, return_train_score=False, kwargs={})
2022-11-19 18:48:47,977:INFO:Checking exceptions
2022-11-19 18:48:47,978:INFO:Importing libraries
2022-11-19 18:48:47,980:INFO:Copying training dataset
2022-11-19 18:48:47,988:INFO:Defining folds
2022-11-19 18:48:47,989:INFO:Declaring metric variables
2022-11-19 18:48:48,007:INFO:Importing untrained model
2022-11-19 18:48:48,022:INFO:K Neighbors Classifier Imported succesfully
2022-11-19 18:48:48,054:INFO:Starting cross validation
2022-11-19 18:48:48,058:INFO:Cross validating with StratifiedKFold(n_splits=10, random_state=None, shuffle=False), n_jobs=-1
2022-11-19 18:48:49,170:INFO:Calculating mean and std
2022-11-19 18:48:49,173:INFO:Creating metrics dataframe
2022-11-19 18:48:49,187:INFO:Uploading results into container
2022-11-19 18:48:49,192:INFO:Uploading model into container now
2022-11-19 18:48:49,193:INFO:create_model_container: 2
2022-11-19 18:48:49,197:INFO:master_model_container: 2
2022-11-19 18:48:49,198:INFO:display_container: 2
2022-11-19 18:48:49,200:INFO:KNeighborsClassifier(algorithm='auto', leaf_size=30, metric='minkowski',
                     metric_params=None, n_jobs=-1, n_neighbors=5, p=2,
                     weights='uniform')
2022-11-19 18:48:49,201:INFO:create_model() succesfully completed......................................
2022-11-19 18:48:49,346:INFO:SubProcess create_model() end ==================================
2022-11-19 18:48:49,352:INFO:Creating metrics dataframe
2022-11-19 18:48:49,373:INFO:Initializing Naive Bayes
2022-11-19 18:48:49,377:INFO:Total runtime is 0.09609649578730266 minutes
2022-11-19 18:48:49,399:INFO:SubProcess create_model() called ==================================
2022-11-19 18:48:49,404:INFO:Initializing create_model()
2022-11-19 18:48:49,407:INFO:create_model(estimator=nb, fold=StratifiedKFold(n_splits=10, random_state=None, shuffle=False), round=4, cross_validation=True, predict=True, fit_kwargs={}, groups=None, refit=False, verbose=False, system=False, metrics=None, experiment_custom_tags=None, add_to_model_list=True, probability_threshold=None, display=<pycaret.internal.Display.Display object at 0x7f6b7dce52d0>, return_train_score=False, kwargs={})
2022-11-19 18:48:49,411:INFO:Checking exceptions
2022-11-19 18:48:49,415:INFO:Importing libraries
2022-11-19 18:48:49,419:INFO:Copying training dataset
2022-11-19 18:48:49,422:INFO:Defining folds
2022-11-19 18:48:49,424:INFO:Declaring metric variables
2022-11-19 18:48:49,446:INFO:Importing untrained model
2022-11-19 18:48:49,463:INFO:Naive Bayes Imported succesfully
2022-11-19 18:48:49,495:INFO:Starting cross validation
2022-11-19 18:48:49,497:INFO:Cross validating with StratifiedKFold(n_splits=10, random_state=None, shuffle=False), n_jobs=-1
2022-11-19 18:48:49,636:INFO:Calculating mean and std
2022-11-19 18:48:49,640:INFO:Creating metrics dataframe
2022-11-19 18:48:49,650:INFO:Uploading results into container
2022-11-19 18:48:49,653:INFO:Uploading model into container now
2022-11-19 18:48:49,655:INFO:create_model_container: 3
2022-11-19 18:48:49,656:INFO:master_model_container: 3
2022-11-19 18:48:49,658:INFO:display_container: 2
2022-11-19 18:48:49,659:INFO:GaussianNB(priors=None, var_smoothing=1e-09)
2022-11-19 18:48:49,665:INFO:create_model() succesfully completed......................................
2022-11-19 18:48:49,817:INFO:SubProcess create_model() end ==================================
2022-11-19 18:48:49,819:INFO:Creating metrics dataframe
2022-11-19 18:48:49,844:INFO:Initializing Decision Tree Classifier
2022-11-19 18:48:49,849:INFO:Total runtime is 0.10394954681396484 minutes
2022-11-19 18:48:49,869:INFO:SubProcess create_model() called ==================================
2022-11-19 18:48:49,873:INFO:Initializing create_model()
2022-11-19 18:48:49,875:INFO:create_model(estimator=dt, fold=StratifiedKFold(n_splits=10, random_state=None, shuffle=False), round=4, cross_validation=True, predict=True, fit_kwargs={}, groups=None, refit=False, verbose=False, system=False, metrics=None, experiment_custom_tags=None, add_to_model_list=True, probability_threshold=None, display=<pycaret.internal.Display.Display object at 0x7f6b7dce52d0>, return_train_score=False, kwargs={})
2022-11-19 18:48:49,880:INFO:Checking exceptions
2022-11-19 18:48:49,883:INFO:Importing libraries
2022-11-19 18:48:49,888:INFO:Copying training dataset
2022-11-19 18:48:49,890:INFO:Defining folds
2022-11-19 18:48:49,892:INFO:Declaring metric variables
2022-11-19 18:48:49,912:INFO:Importing untrained model
2022-11-19 18:48:49,929:INFO:Decision Tree Classifier Imported succesfully
2022-11-19 18:48:49,962:INFO:Starting cross validation
2022-11-19 18:48:49,964:INFO:Cross validating with StratifiedKFold(n_splits=10, random_state=None, shuffle=False), n_jobs=-1
2022-11-19 18:48:50,085:INFO:Calculating mean and std
2022-11-19 18:48:50,090:INFO:Creating metrics dataframe
2022-11-19 18:48:50,103:INFO:Uploading results into container
2022-11-19 18:48:50,106:INFO:Uploading model into container now
2022-11-19 18:48:50,110:INFO:create_model_container: 4
2022-11-19 18:48:50,114:INFO:master_model_container: 4
2022-11-19 18:48:50,115:INFO:display_container: 2
2022-11-19 18:48:50,117:INFO:DecisionTreeClassifier(ccp_alpha=0.0, class_weight=None, criterion='gini',
                       max_depth=None, max_features=None, max_leaf_nodes=None,
                       min_impurity_decrease=0.0, min_impurity_split=None,
                       min_samples_leaf=1, min_samples_split=2,
                       min_weight_fraction_leaf=0.0, presort='deprecated',
                       random_state=262, splitter='best')
2022-11-19 18:48:50,119:INFO:create_model() succesfully completed......................................
2022-11-19 18:48:50,266:INFO:SubProcess create_model() end ==================================
2022-11-19 18:48:50,275:INFO:Creating metrics dataframe
2022-11-19 18:48:50,296:INFO:Initializing SVM - Linear Kernel
2022-11-19 18:48:50,300:INFO:Total runtime is 0.111471160252889 minutes
2022-11-19 18:48:50,321:INFO:SubProcess create_model() called ==================================
2022-11-19 18:48:50,326:INFO:Initializing create_model()
2022-11-19 18:48:50,327:INFO:create_model(estimator=svm, fold=StratifiedKFold(n_splits=10, random_state=None, shuffle=False), round=4, cross_validation=True, predict=True, fit_kwargs={}, groups=None, refit=False, verbose=False, system=False, metrics=None, experiment_custom_tags=None, add_to_model_list=True, probability_threshold=None, display=<pycaret.internal.Display.Display object at 0x7f6b7dce52d0>, return_train_score=False, kwargs={})
2022-11-19 18:48:50,328:INFO:Checking exceptions
2022-11-19 18:48:50,330:INFO:Importing libraries
2022-11-19 18:48:50,332:INFO:Copying training dataset
2022-11-19 18:48:50,334:INFO:Defining folds
2022-11-19 18:48:50,336:INFO:Declaring metric variables
2022-11-19 18:48:50,362:INFO:Importing untrained model
2022-11-19 18:48:50,381:INFO:SVM - Linear Kernel Imported succesfully
2022-11-19 18:48:50,413:INFO:Starting cross validation
2022-11-19 18:48:50,417:INFO:Cross validating with StratifiedKFold(n_splits=10, random_state=None, shuffle=False), n_jobs=-1
2022-11-19 18:48:50,526:INFO:Calculating mean and std
2022-11-19 18:48:50,528:INFO:Creating metrics dataframe
2022-11-19 18:48:50,540:INFO:Uploading results into container
2022-11-19 18:48:50,543:INFO:Uploading model into container now
2022-11-19 18:48:50,546:INFO:create_model_container: 5
2022-11-19 18:48:50,549:INFO:master_model_container: 5
2022-11-19 18:48:50,554:INFO:display_container: 2
2022-11-19 18:48:50,557:INFO:SGDClassifier(alpha=0.0001, average=False, class_weight=None,
              early_stopping=False, epsilon=0.1, eta0=0.001, fit_intercept=True,
              l1_ratio=0.15, learning_rate='optimal', loss='hinge',
              max_iter=1000, n_iter_no_change=5, n_jobs=-1, penalty='l2',
              power_t=0.5, random_state=262, shuffle=True, tol=0.001,
              validation_fraction=0.1, verbose=0, warm_start=False)
2022-11-19 18:48:50,559:INFO:create_model() succesfully completed......................................
2022-11-19 18:48:50,712:INFO:SubProcess create_model() end ==================================
2022-11-19 18:48:50,717:INFO:Creating metrics dataframe
2022-11-19 18:48:50,739:INFO:Initializing Ridge Classifier
2022-11-19 18:48:50,743:INFO:Total runtime is 0.11886109908421835 minutes
2022-11-19 18:48:50,763:INFO:SubProcess create_model() called ==================================
2022-11-19 18:48:50,768:INFO:Initializing create_model()
2022-11-19 18:48:50,771:INFO:create_model(estimator=ridge, fold=StratifiedKFold(n_splits=10, random_state=None, shuffle=False), round=4, cross_validation=True, predict=True, fit_kwargs={}, groups=None, refit=False, verbose=False, system=False, metrics=None, experiment_custom_tags=None, add_to_model_list=True, probability_threshold=None, display=<pycaret.internal.Display.Display object at 0x7f6b7dce52d0>, return_train_score=False, kwargs={})
2022-11-19 18:48:50,775:INFO:Checking exceptions
2022-11-19 18:48:50,778:INFO:Importing libraries
2022-11-19 18:48:50,781:INFO:Copying training dataset
2022-11-19 18:48:50,785:INFO:Defining folds
2022-11-19 18:48:50,788:INFO:Declaring metric variables
2022-11-19 18:48:50,810:INFO:Importing untrained model
2022-11-19 18:48:50,828:INFO:Ridge Classifier Imported succesfully
2022-11-19 18:48:50,863:INFO:Starting cross validation
2022-11-19 18:48:50,865:INFO:Cross validating with StratifiedKFold(n_splits=10, random_state=None, shuffle=False), n_jobs=-1
2022-11-19 18:48:50,997:INFO:Calculating mean and std
2022-11-19 18:48:51,001:INFO:Creating metrics dataframe
2022-11-19 18:48:51,014:INFO:Uploading results into container
2022-11-19 18:48:51,015:INFO:Uploading model into container now
2022-11-19 18:48:51,022:INFO:create_model_container: 6
2022-11-19 18:48:51,028:INFO:master_model_container: 6
2022-11-19 18:48:51,030:INFO:display_container: 2
2022-11-19 18:48:51,032:INFO:RidgeClassifier(alpha=1.0, class_weight=None, copy_X=True, fit_intercept=True,
                max_iter=None, normalize=False, random_state=262, solver='auto',
                tol=0.001)
2022-11-19 18:48:51,033:INFO:create_model() succesfully completed......................................
2022-11-19 18:48:51,187:INFO:SubProcess create_model() end ==================================
2022-11-19 18:48:51,190:INFO:Creating metrics dataframe
2022-11-19 18:48:51,219:INFO:Initializing Random Forest Classifier
2022-11-19 18:48:51,222:INFO:Total runtime is 0.1268365502357483 minutes
2022-11-19 18:48:51,243:INFO:SubProcess create_model() called ==================================
2022-11-19 18:48:51,245:INFO:Initializing create_model()
2022-11-19 18:48:51,248:INFO:create_model(estimator=rf, fold=StratifiedKFold(n_splits=10, random_state=None, shuffle=False), round=4, cross_validation=True, predict=True, fit_kwargs={}, groups=None, refit=False, verbose=False, system=False, metrics=None, experiment_custom_tags=None, add_to_model_list=True, probability_threshold=None, display=<pycaret.internal.Display.Display object at 0x7f6b7dce52d0>, return_train_score=False, kwargs={})
2022-11-19 18:48:51,252:INFO:Checking exceptions
2022-11-19 18:48:51,253:INFO:Importing libraries
2022-11-19 18:48:51,256:INFO:Copying training dataset
2022-11-19 18:48:51,266:INFO:Defining folds
2022-11-19 18:48:51,268:INFO:Declaring metric variables
2022-11-19 18:48:51,284:INFO:Importing untrained model
2022-11-19 18:48:51,300:INFO:Random Forest Classifier Imported succesfully
2022-11-19 18:48:51,334:INFO:Starting cross validation
2022-11-19 18:48:51,338:INFO:Cross validating with StratifiedKFold(n_splits=10, random_state=None, shuffle=False), n_jobs=-1
2022-11-19 18:48:55,840:INFO:Calculating mean and std
2022-11-19 18:48:55,843:INFO:Creating metrics dataframe
2022-11-19 18:48:55,857:INFO:Uploading results into container
2022-11-19 18:48:55,862:INFO:Uploading model into container now
2022-11-19 18:48:55,864:INFO:create_model_container: 7
2022-11-19 18:48:55,867:INFO:master_model_container: 7
2022-11-19 18:48:55,870:INFO:display_container: 2
2022-11-19 18:48:55,877:INFO:RandomForestClassifier(bootstrap=True, ccp_alpha=0.0, class_weight=None,
                       criterion='gini', max_depth=None, max_features='auto',
                       max_leaf_nodes=None, max_samples=None,
                       min_impurity_decrease=0.0, min_impurity_split=None,
                       min_samples_leaf=1, min_samples_split=2,
                       min_weight_fraction_leaf=0.0, n_estimators=100,
                       n_jobs=-1, oob_score=False, random_state=262, verbose=0,
                       warm_start=False)
2022-11-19 18:48:55,881:INFO:create_model() succesfully completed......................................
2022-11-19 18:48:56,028:INFO:SubProcess create_model() end ==================================
2022-11-19 18:48:56,030:INFO:Creating metrics dataframe
2022-11-19 18:48:56,052:INFO:Initializing Quadratic Discriminant Analysis
2022-11-19 18:48:56,056:INFO:Total runtime is 0.20740176836649576 minutes
2022-11-19 18:48:56,076:INFO:SubProcess create_model() called ==================================
2022-11-19 18:48:56,080:INFO:Initializing create_model()
2022-11-19 18:48:56,081:INFO:create_model(estimator=qda, fold=StratifiedKFold(n_splits=10, random_state=None, shuffle=False), round=4, cross_validation=True, predict=True, fit_kwargs={}, groups=None, refit=False, verbose=False, system=False, metrics=None, experiment_custom_tags=None, add_to_model_list=True, probability_threshold=None, display=<pycaret.internal.Display.Display object at 0x7f6b7dce52d0>, return_train_score=False, kwargs={})
2022-11-19 18:48:56,086:INFO:Checking exceptions
2022-11-19 18:48:56,094:INFO:Importing libraries
2022-11-19 18:48:56,096:INFO:Copying training dataset
2022-11-19 18:48:56,099:INFO:Defining folds
2022-11-19 18:48:56,101:INFO:Declaring metric variables
2022-11-19 18:48:56,122:INFO:Importing untrained model
2022-11-19 18:48:56,139:INFO:Quadratic Discriminant Analysis Imported succesfully
2022-11-19 18:48:56,176:INFO:Starting cross validation
2022-11-19 18:48:56,180:INFO:Cross validating with StratifiedKFold(n_splits=10, random_state=None, shuffle=False), n_jobs=-1
2022-11-19 18:48:56,334:INFO:Calculating mean and std
2022-11-19 18:48:56,338:INFO:Creating metrics dataframe
2022-11-19 18:48:56,350:INFO:Uploading results into container
2022-11-19 18:48:56,353:INFO:Uploading model into container now
2022-11-19 18:48:56,355:INFO:create_model_container: 8
2022-11-19 18:48:56,359:INFO:master_model_container: 8
2022-11-19 18:48:56,361:INFO:display_container: 2
2022-11-19 18:48:56,363:INFO:QuadraticDiscriminantAnalysis(priors=None, reg_param=0.0,
                              store_covariance=False, tol=0.0001)
2022-11-19 18:48:56,364:INFO:create_model() succesfully completed......................................
2022-11-19 18:48:56,513:INFO:SubProcess create_model() end ==================================
2022-11-19 18:48:56,519:INFO:Creating metrics dataframe
2022-11-19 18:48:56,547:INFO:Initializing Ada Boost Classifier
2022-11-19 18:48:56,552:INFO:Total runtime is 0.21567309697469075 minutes
2022-11-19 18:48:56,574:INFO:SubProcess create_model() called ==================================
2022-11-19 18:48:56,578:INFO:Initializing create_model()
2022-11-19 18:48:56,581:INFO:create_model(estimator=ada, fold=StratifiedKFold(n_splits=10, random_state=None, shuffle=False), round=4, cross_validation=True, predict=True, fit_kwargs={}, groups=None, refit=False, verbose=False, system=False, metrics=None, experiment_custom_tags=None, add_to_model_list=True, probability_threshold=None, display=<pycaret.internal.Display.Display object at 0x7f6b7dce52d0>, return_train_score=False, kwargs={})
2022-11-19 18:48:56,586:INFO:Checking exceptions
2022-11-19 18:48:56,592:INFO:Importing libraries
2022-11-19 18:48:56,595:INFO:Copying training dataset
2022-11-19 18:48:56,598:INFO:Defining folds
2022-11-19 18:48:56,600:INFO:Declaring metric variables
2022-11-19 18:48:56,620:INFO:Importing untrained model
2022-11-19 18:48:56,638:INFO:Ada Boost Classifier Imported succesfully
2022-11-19 18:48:56,675:INFO:Starting cross validation
2022-11-19 18:48:56,679:INFO:Cross validating with StratifiedKFold(n_splits=10, random_state=None, shuffle=False), n_jobs=-1
2022-11-19 18:48:57,490:INFO:Calculating mean and std
2022-11-19 18:48:57,499:INFO:Creating metrics dataframe
2022-11-19 18:48:57,509:INFO:Uploading results into container
2022-11-19 18:48:57,511:INFO:Uploading model into container now
2022-11-19 18:48:57,513:INFO:create_model_container: 9
2022-11-19 18:48:57,520:INFO:master_model_container: 9
2022-11-19 18:48:57,523:INFO:display_container: 2
2022-11-19 18:48:57,525:INFO:AdaBoostClassifier(algorithm='SAMME.R', base_estimator=None, learning_rate=1.0,
                   n_estimators=50, random_state=262)
2022-11-19 18:48:57,528:INFO:create_model() succesfully completed......................................
2022-11-19 18:48:57,668:INFO:SubProcess create_model() end ==================================
2022-11-19 18:48:57,675:INFO:Creating metrics dataframe
2022-11-19 18:48:57,698:INFO:Initializing Gradient Boosting Classifier
2022-11-19 18:48:57,699:INFO:Total runtime is 0.23479721943537393 minutes
2022-11-19 18:48:57,723:INFO:SubProcess create_model() called ==================================
2022-11-19 18:48:57,725:INFO:Initializing create_model()
2022-11-19 18:48:57,727:INFO:create_model(estimator=gbc, fold=StratifiedKFold(n_splits=10, random_state=None, shuffle=False), round=4, cross_validation=True, predict=True, fit_kwargs={}, groups=None, refit=False, verbose=False, system=False, metrics=None, experiment_custom_tags=None, add_to_model_list=True, probability_threshold=None, display=<pycaret.internal.Display.Display object at 0x7f6b7dce52d0>, return_train_score=False, kwargs={})
2022-11-19 18:48:57,730:INFO:Checking exceptions
2022-11-19 18:48:57,731:INFO:Importing libraries
2022-11-19 18:48:57,732:INFO:Copying training dataset
2022-11-19 18:48:57,734:INFO:Defining folds
2022-11-19 18:48:57,735:INFO:Declaring metric variables
2022-11-19 18:48:57,755:INFO:Importing untrained model
2022-11-19 18:48:57,772:INFO:Gradient Boosting Classifier Imported succesfully
2022-11-19 18:48:57,804:INFO:Starting cross validation
2022-11-19 18:48:57,808:INFO:Cross validating with StratifiedKFold(n_splits=10, random_state=None, shuffle=False), n_jobs=-1
2022-11-19 18:48:58,412:INFO:Calculating mean and std
2022-11-19 18:48:58,415:INFO:Creating metrics dataframe
2022-11-19 18:48:58,429:INFO:Uploading results into container
2022-11-19 18:48:58,433:INFO:Uploading model into container now
2022-11-19 18:48:58,436:INFO:create_model_container: 10
2022-11-19 18:48:58,440:INFO:master_model_container: 10
2022-11-19 18:48:58,442:INFO:display_container: 2
2022-11-19 18:48:58,444:INFO:GradientBoostingClassifier(ccp_alpha=0.0, criterion='friedman_mse', init=None,
                           learning_rate=0.1, loss='deviance', max_depth=3,
                           max_features=None, max_leaf_nodes=None,
                           min_impurity_decrease=0.0, min_impurity_split=None,
                           min_samples_leaf=1, min_samples_split=2,
                           min_weight_fraction_leaf=0.0, n_estimators=100,
                           n_iter_no_change=None, presort='deprecated',
                           random_state=262, subsample=1.0, tol=0.0001,
                           validation_fraction=0.1, verbose=0,
                           warm_start=False)
2022-11-19 18:48:58,446:INFO:create_model() succesfully completed......................................
2022-11-19 18:48:58,594:INFO:SubProcess create_model() end ==================================
2022-11-19 18:48:58,595:INFO:Creating metrics dataframe
2022-11-19 18:48:58,618:INFO:Initializing Linear Discriminant Analysis
2022-11-19 18:48:58,623:INFO:Total runtime is 0.25019035339355467 minutes
2022-11-19 18:48:58,647:INFO:SubProcess create_model() called ==================================
2022-11-19 18:48:58,651:INFO:Initializing create_model()
2022-11-19 18:48:58,655:INFO:create_model(estimator=lda, fold=StratifiedKFold(n_splits=10, random_state=None, shuffle=False), round=4, cross_validation=True, predict=True, fit_kwargs={}, groups=None, refit=False, verbose=False, system=False, metrics=None, experiment_custom_tags=None, add_to_model_list=True, probability_threshold=None, display=<pycaret.internal.Display.Display object at 0x7f6b7dce52d0>, return_train_score=False, kwargs={})
2022-11-19 18:48:58,658:INFO:Checking exceptions
2022-11-19 18:48:58,659:INFO:Importing libraries
2022-11-19 18:48:58,661:INFO:Copying training dataset
2022-11-19 18:48:58,663:INFO:Defining folds
2022-11-19 18:48:58,665:INFO:Declaring metric variables
2022-11-19 18:48:58,688:INFO:Importing untrained model
2022-11-19 18:48:58,703:INFO:Linear Discriminant Analysis Imported succesfully
2022-11-19 18:48:58,740:INFO:Starting cross validation
2022-11-19 18:48:58,746:INFO:Cross validating with StratifiedKFold(n_splits=10, random_state=None, shuffle=False), n_jobs=-1
2022-11-19 18:48:58,889:INFO:Calculating mean and std
2022-11-19 18:48:58,892:INFO:Creating metrics dataframe
2022-11-19 18:48:58,904:INFO:Uploading results into container
2022-11-19 18:48:58,913:INFO:Uploading model into container now
2022-11-19 18:48:58,915:INFO:create_model_container: 11
2022-11-19 18:48:58,917:INFO:master_model_container: 11
2022-11-19 18:48:58,918:INFO:display_container: 2
2022-11-19 18:48:58,920:INFO:LinearDiscriminantAnalysis(n_components=None, priors=None, shrinkage=None,
                           solver='svd', store_covariance=False, tol=0.0001)
2022-11-19 18:48:58,922:INFO:create_model() succesfully completed......................................
2022-11-19 18:48:59,069:INFO:SubProcess create_model() end ==================================
2022-11-19 18:48:59,078:INFO:Creating metrics dataframe
2022-11-19 18:48:59,102:INFO:Initializing Extra Trees Classifier
2022-11-19 18:48:59,110:INFO:Total runtime is 0.2583062211672465 minutes
2022-11-19 18:48:59,129:INFO:SubProcess create_model() called ==================================
2022-11-19 18:48:59,135:INFO:Initializing create_model()
2022-11-19 18:48:59,136:INFO:create_model(estimator=et, fold=StratifiedKFold(n_splits=10, random_state=None, shuffle=False), round=4, cross_validation=True, predict=True, fit_kwargs={}, groups=None, refit=False, verbose=False, system=False, metrics=None, experiment_custom_tags=None, add_to_model_list=True, probability_threshold=None, display=<pycaret.internal.Display.Display object at 0x7f6b7dce52d0>, return_train_score=False, kwargs={})
2022-11-19 18:48:59,140:INFO:Checking exceptions
2022-11-19 18:48:59,141:INFO:Importing libraries
2022-11-19 18:48:59,146:INFO:Copying training dataset
2022-11-19 18:48:59,151:INFO:Defining folds
2022-11-19 18:48:59,155:INFO:Declaring metric variables
2022-11-19 18:48:59,173:INFO:Importing untrained model
2022-11-19 18:48:59,192:INFO:Extra Trees Classifier Imported succesfully
2022-11-19 18:48:59,227:INFO:Starting cross validation
2022-11-19 18:48:59,232:INFO:Cross validating with StratifiedKFold(n_splits=10, random_state=None, shuffle=False), n_jobs=-1
2022-11-19 18:49:03,282:INFO:Calculating mean and std
2022-11-19 18:49:03,285:INFO:Creating metrics dataframe
2022-11-19 18:49:03,298:INFO:Uploading results into container
2022-11-19 18:49:03,301:INFO:Uploading model into container now
2022-11-19 18:49:03,304:INFO:create_model_container: 12
2022-11-19 18:49:03,309:INFO:master_model_container: 12
2022-11-19 18:49:03,312:INFO:display_container: 2
2022-11-19 18:49:03,314:INFO:ExtraTreesClassifier(bootstrap=False, ccp_alpha=0.0, class_weight=None,
                     criterion='gini', max_depth=None, max_features='auto',
                     max_leaf_nodes=None, max_samples=None,
                     min_impurity_decrease=0.0, min_impurity_split=None,
                     min_samples_leaf=1, min_samples_split=2,
                     min_weight_fraction_leaf=0.0, n_estimators=100, n_jobs=-1,
                     oob_score=False, random_state=262, verbose=0,
                     warm_start=False)
2022-11-19 18:49:03,316:INFO:create_model() succesfully completed......................................
2022-11-19 18:49:03,461:INFO:SubProcess create_model() end ==================================
2022-11-19 18:49:03,466:INFO:Creating metrics dataframe
2022-11-19 18:49:03,496:INFO:Initializing Light Gradient Boosting Machine
2022-11-19 18:49:03,502:INFO:Total runtime is 0.3315044164657593 minutes
2022-11-19 18:49:03,520:INFO:SubProcess create_model() called ==================================
2022-11-19 18:49:03,523:INFO:Initializing create_model()
2022-11-19 18:49:03,524:INFO:create_model(estimator=lightgbm, fold=StratifiedKFold(n_splits=10, random_state=None, shuffle=False), round=4, cross_validation=True, predict=True, fit_kwargs={}, groups=None, refit=False, verbose=False, system=False, metrics=None, experiment_custom_tags=None, add_to_model_list=True, probability_threshold=None, display=<pycaret.internal.Display.Display object at 0x7f6b7dce52d0>, return_train_score=False, kwargs={})
2022-11-19 18:49:03,526:INFO:Checking exceptions
2022-11-19 18:49:03,527:INFO:Importing libraries
2022-11-19 18:49:03,529:INFO:Copying training dataset
2022-11-19 18:49:03,531:INFO:Defining folds
2022-11-19 18:49:03,533:INFO:Declaring metric variables
2022-11-19 18:49:03,553:INFO:Importing untrained model
2022-11-19 18:49:03,575:INFO:Light Gradient Boosting Machine Imported succesfully
2022-11-19 18:49:03,611:INFO:Starting cross validation
2022-11-19 18:49:03,613:INFO:Cross validating with StratifiedKFold(n_splits=10, random_state=None, shuffle=False), n_jobs=-1
2022-11-19 18:49:04,634:INFO:Calculating mean and std
2022-11-19 18:49:04,637:INFO:Creating metrics dataframe
2022-11-19 18:49:04,649:INFO:Uploading results into container
2022-11-19 18:49:04,651:INFO:Uploading model into container now
2022-11-19 18:49:04,655:INFO:create_model_container: 13
2022-11-19 18:49:04,657:INFO:master_model_container: 13
2022-11-19 18:49:04,660:INFO:display_container: 2
2022-11-19 18:49:04,662:INFO:LGBMClassifier(boosting_type='gbdt', class_weight=None, colsample_bytree=1.0,
               importance_type='split', learning_rate=0.1, max_depth=-1,
               min_child_samples=20, min_child_weight=0.001, min_split_gain=0.0,
               n_estimators=100, n_jobs=-1, num_leaves=31, objective=None,
               random_state=262, reg_alpha=0.0, reg_lambda=0.0, silent='warn',
               subsample=1.0, subsample_for_bin=200000, subsample_freq=0)
2022-11-19 18:49:04,663:INFO:create_model() succesfully completed......................................
2022-11-19 18:49:04,808:INFO:SubProcess create_model() end ==================================
2022-11-19 18:49:04,813:INFO:Creating metrics dataframe
2022-11-19 18:49:04,838:INFO:Initializing Dummy Classifier
2022-11-19 18:49:04,842:INFO:Total runtime is 0.35383313496907554 minutes
2022-11-19 18:49:04,860:INFO:SubProcess create_model() called ==================================
2022-11-19 18:49:04,863:INFO:Initializing create_model()
2022-11-19 18:49:04,865:INFO:create_model(estimator=dummy, fold=StratifiedKFold(n_splits=10, random_state=None, shuffle=False), round=4, cross_validation=True, predict=True, fit_kwargs={}, groups=None, refit=False, verbose=False, system=False, metrics=None, experiment_custom_tags=None, add_to_model_list=True, probability_threshold=None, display=<pycaret.internal.Display.Display object at 0x7f6b7dce52d0>, return_train_score=False, kwargs={})
2022-11-19 18:49:04,866:INFO:Checking exceptions
2022-11-19 18:49:04,868:INFO:Importing libraries
2022-11-19 18:49:04,874:INFO:Copying training dataset
2022-11-19 18:49:04,876:INFO:Defining folds
2022-11-19 18:49:04,877:INFO:Declaring metric variables
2022-11-19 18:49:04,899:INFO:Importing untrained model
2022-11-19 18:49:04,916:INFO:Dummy Classifier Imported succesfully
2022-11-19 18:49:04,946:INFO:Starting cross validation
2022-11-19 18:49:04,952:INFO:Cross validating with StratifiedKFold(n_splits=10, random_state=None, shuffle=False), n_jobs=-1
2022-11-19 18:49:05,045:INFO:Calculating mean and std
2022-11-19 18:49:05,049:INFO:Creating metrics dataframe
2022-11-19 18:49:05,061:INFO:Uploading results into container
2022-11-19 18:49:05,065:INFO:Uploading model into container now
2022-11-19 18:49:05,068:INFO:create_model_container: 14
2022-11-19 18:49:05,071:INFO:master_model_container: 14
2022-11-19 18:49:05,079:INFO:display_container: 2
2022-11-19 18:49:05,084:INFO:DummyClassifier(constant=None, random_state=262, strategy='prior')
2022-11-19 18:49:05,085:INFO:create_model() succesfully completed......................................
2022-11-19 18:49:05,233:INFO:SubProcess create_model() end ==================================
2022-11-19 18:49:05,235:INFO:Creating metrics dataframe
2022-11-19 18:49:05,292:INFO:Initializing create_model()
2022-11-19 18:49:05,295:INFO:create_model(estimator=GradientBoostingClassifier(ccp_alpha=0.0, criterion='friedman_mse', init=None,
                           learning_rate=0.1, loss='deviance', max_depth=3,
                           max_features=None, max_leaf_nodes=None,
                           min_impurity_decrease=0.0, min_impurity_split=None,
                           min_samples_leaf=1, min_samples_split=2,
                           min_weight_fraction_leaf=0.0, n_estimators=100,
                           n_iter_no_change=None, presort='deprecated',
                           random_state=262, subsample=1.0, tol=0.0001,
                           validation_fraction=0.1, verbose=0,
                           warm_start=False), fold=StratifiedKFold(n_splits=10, random_state=None, shuffle=False), round=4, cross_validation=False, predict=False, fit_kwargs={}, groups=None, refit=True, verbose=False, system=False, metrics=None, experiment_custom_tags=None, add_to_model_list=True, probability_threshold=None, display=None, return_train_score=False, kwargs={})
2022-11-19 18:49:05,297:INFO:Checking exceptions
2022-11-19 18:49:05,299:INFO:Importing libraries
2022-11-19 18:49:05,301:INFO:Copying training dataset
2022-11-19 18:49:05,304:INFO:Defining folds
2022-11-19 18:49:05,304:INFO:Declaring metric variables
2022-11-19 18:49:05,306:INFO:Importing untrained model
2022-11-19 18:49:05,307:INFO:Declaring custom model
2022-11-19 18:49:05,309:INFO:Gradient Boosting Classifier Imported succesfully
2022-11-19 18:49:05,310:INFO:Cross validation set to False
2022-11-19 18:49:05,312:INFO:Fitting Model
2022-11-19 18:49:05,389:INFO:GradientBoostingClassifier(ccp_alpha=0.0, criterion='friedman_mse', init=None,
                           learning_rate=0.1, loss='deviance', max_depth=3,
                           max_features=None, max_leaf_nodes=None,
                           min_impurity_decrease=0.0, min_impurity_split=None,
                           min_samples_leaf=1, min_samples_split=2,
                           min_weight_fraction_leaf=0.0, n_estimators=100,
                           n_iter_no_change=None, presort='deprecated',
                           random_state=262, subsample=1.0, tol=0.0001,
                           validation_fraction=0.1, verbose=0,
                           warm_start=False)
2022-11-19 18:49:05,390:INFO:create_models() succesfully completed......................................
2022-11-19 18:49:05,565:INFO:create_model_container: 14
2022-11-19 18:49:05,568:INFO:master_model_container: 14
2022-11-19 18:49:05,571:INFO:display_container: 2
2022-11-19 18:49:05,574:INFO:GradientBoostingClassifier(ccp_alpha=0.0, criterion='friedman_mse', init=None,
                           learning_rate=0.1, loss='deviance', max_depth=3,
                           max_features=None, max_leaf_nodes=None,
                           min_impurity_decrease=0.0, min_impurity_split=None,
                           min_samples_leaf=1, min_samples_split=2,
                           min_weight_fraction_leaf=0.0, n_estimators=100,
                           n_iter_no_change=None, presort='deprecated',
                           random_state=262, subsample=1.0, tol=0.0001,
                           validation_fraction=0.1, verbose=0,
                           warm_start=False)
2022-11-19 18:49:05,576:INFO:compare_models() succesfully completed......................................
2022-11-19 18:49:33,639:INFO:Initializing evaluate_model()
2022-11-19 18:49:33,646:INFO:evaluate_model(estimator=GradientBoostingClassifier(ccp_alpha=0.0, criterion='friedman_mse', init=None,
                           learning_rate=0.1, loss='deviance', max_depth=3,
                           max_features=None, max_leaf_nodes=None,
                           min_impurity_decrease=0.0, min_impurity_split=None,
                           min_samples_leaf=1, min_samples_split=2,
                           min_weight_fraction_leaf=0.0, n_estimators=100,
                           n_iter_no_change=None, presort='deprecated',
                           random_state=262, subsample=1.0, tol=0.0001,
                           validation_fraction=0.1, verbose=0,
                           warm_start=False), fold=None, fit_kwargs=None, plot_kwargs=None, feature_name=None, groups=None, use_train_data=False)
2022-11-19 18:49:33,682:INFO:Initializing plot_model()
2022-11-19 18:49:33,685:INFO:plot_model(fold=StratifiedKFold(n_splits=10, random_state=None, shuffle=False), use_train_data=False, verbose=True, is_in_evaluate=True, display=None, display_format=None, estimator=GradientBoostingClassifier(ccp_alpha=0.0, criterion='friedman_mse', init=None,
                           learning_rate=0.1, loss='deviance', max_depth=3,
                           max_features=None, max_leaf_nodes=None,
                           min_impurity_decrease=0.0, min_impurity_split=None,
                           min_samples_leaf=1, min_samples_split=2,
                           min_weight_fraction_leaf=0.0, n_estimators=100,
                           n_iter_no_change=None, presort='deprecated',
                           random_state=262, subsample=1.0, tol=0.0001,
                           validation_fraction=0.1, verbose=0,
                           warm_start=False), feature_name=None, fit_kwargs={}, groups=None, label=False, plot=parameter, plot_kwargs={}, save=False, scale=1, system=True)
2022-11-19 18:49:33,686:INFO:Checking exceptions
2022-11-19 18:49:33,691:INFO:Preparing display monitor
2022-11-19 18:49:33,708:INFO:Preloading libraries
2022-11-19 18:49:33,727:INFO:Copying training dataset
2022-11-19 18:49:33,731:INFO:Copying test dataset
2022-11-19 18:49:33,734:INFO:Plot type: parameter
2022-11-19 18:49:33,751:INFO:Visual Rendered Successfully
2022-11-19 18:49:33,914:INFO:plot_model() succesfully completed......................................
2022-11-19 18:49:45,222:INFO:Initializing plot_model()
2022-11-19 18:49:45,223:INFO:plot_model(fold=StratifiedKFold(n_splits=10, random_state=None, shuffle=False), use_train_data=False, verbose=True, is_in_evaluate=True, display=None, display_format=None, estimator=GradientBoostingClassifier(ccp_alpha=0.0, criterion='friedman_mse', init=None,
                           learning_rate=0.1, loss='deviance', max_depth=3,
                           max_features=None, max_leaf_nodes=None,
                           min_impurity_decrease=0.0, min_impurity_split=None,
                           min_samples_leaf=1, min_samples_split=2,
                           min_weight_fraction_leaf=0.0, n_estimators=100,
                           n_iter_no_change=None, presort='deprecated',
                           random_state=262, subsample=1.0, tol=0.0001,
                           validation_fraction=0.1, verbose=0,
                           warm_start=False), feature_name=None, fit_kwargs={}, groups=None, label=False, plot=auc, plot_kwargs={}, save=False, scale=1, system=True)
2022-11-19 18:49:45,225:INFO:Checking exceptions
2022-11-19 18:49:45,230:INFO:Preparing display monitor
2022-11-19 18:49:45,246:INFO:Preloading libraries
2022-11-19 18:49:45,262:INFO:Copying training dataset
2022-11-19 18:49:45,264:INFO:Copying test dataset
2022-11-19 18:49:45,267:INFO:Plot type: auc
2022-11-19 18:49:45,273:INFO:Initializing get_config()
2022-11-19 18:49:45,275:INFO:get_config(variable=prep_pipe)
2022-11-19 18:49:45,285:INFO:Global variable: prep_pipe returned as Pipeline(memory=None,
         steps=[('dtypes',
                 DataTypes_Auto_infer(categorical_features=[],
                                      display_types=True, features_todrop=[],
                                      id_columns=[],
                                      ml_usecase='classification',
                                      numerical_features=[],
                                      target='Transported', time_features=[])),
                ('imputer',
                 Simple_Imputer(categorical_strategy='not_available',
                                fill_value_categorical=None,
                                fill_value_numerical=None,
                                numeric_...
                ('scaling', 'passthrough'), ('P_transform', 'passthrough'),
                ('binn', 'passthrough'), ('rem_outliers', 'passthrough'),
                ('cluster_all', 'passthrough'),
                ('dummy', Dummify(target='Transported')),
                ('fix_perfect', Remove_100(target='Transported')),
                ('clean_names', Clean_Colum_Names()),
                ('feature_select', 'passthrough'), ('fix_multi', 'passthrough'),
                ('dfs', 'passthrough'), ('pca', 'passthrough')],
         verbose=False)
2022-11-19 18:49:45,289:INFO:get_config() succesfully completed......................................
2022-11-19 18:49:45,294:INFO:Fitting Model
2022-11-19 18:49:45,296:INFO:Scoring test/hold-out set
2022-11-19 18:49:45,519:INFO:Visual Rendered Successfully
2022-11-19 18:49:45,667:INFO:plot_model() succesfully completed......................................
2022-11-19 18:49:53,523:INFO:Initializing plot_model()
2022-11-19 18:49:53,524:INFO:plot_model(fold=StratifiedKFold(n_splits=10, random_state=None, shuffle=False), use_train_data=False, verbose=True, is_in_evaluate=True, display=None, display_format=None, estimator=GradientBoostingClassifier(ccp_alpha=0.0, criterion='friedman_mse', init=None,
                           learning_rate=0.1, loss='deviance', max_depth=3,
                           max_features=None, max_leaf_nodes=None,
                           min_impurity_decrease=0.0, min_impurity_split=None,
                           min_samples_leaf=1, min_samples_split=2,
                           min_weight_fraction_leaf=0.0, n_estimators=100,
                           n_iter_no_change=None, presort='deprecated',
                           random_state=262, subsample=1.0, tol=0.0001,
                           validation_fraction=0.1, verbose=0,
                           warm_start=False), feature_name=None, fit_kwargs={}, groups=None, label=False, plot=confusion_matrix, plot_kwargs={}, save=False, scale=1, system=True)
2022-11-19 18:49:53,526:INFO:Checking exceptions
2022-11-19 18:49:53,531:INFO:Preparing display monitor
2022-11-19 18:49:53,549:INFO:Preloading libraries
2022-11-19 18:49:53,568:INFO:Copying training dataset
2022-11-19 18:49:53,570:INFO:Copying test dataset
2022-11-19 18:49:53,573:INFO:Plot type: confusion_matrix
2022-11-19 18:49:53,584:INFO:Initializing get_config()
2022-11-19 18:49:53,586:INFO:get_config(variable=prep_pipe)
2022-11-19 18:49:53,592:INFO:Global variable: prep_pipe returned as Pipeline(memory=None,
         steps=[('dtypes',
                 DataTypes_Auto_infer(categorical_features=[],
                                      display_types=True, features_todrop=[],
                                      id_columns=[],
                                      ml_usecase='classification',
                                      numerical_features=[],
                                      target='Transported', time_features=[])),
                ('imputer',
                 Simple_Imputer(categorical_strategy='not_available',
                                fill_value_categorical=None,
                                fill_value_numerical=None,
                                numeric_...
                ('scaling', 'passthrough'), ('P_transform', 'passthrough'),
                ('binn', 'passthrough'), ('rem_outliers', 'passthrough'),
                ('cluster_all', 'passthrough'),
                ('dummy', Dummify(target='Transported')),
                ('fix_perfect', Remove_100(target='Transported')),
                ('clean_names', Clean_Colum_Names()),
                ('feature_select', 'passthrough'), ('fix_multi', 'passthrough'),
                ('dfs', 'passthrough'), ('pca', 'passthrough')],
         verbose=False)
2022-11-19 18:49:53,593:INFO:get_config() succesfully completed......................................
2022-11-19 18:49:53,596:INFO:Fitting Model
2022-11-19 18:49:53,598:INFO:Scoring test/hold-out set
2022-11-19 18:49:53,767:INFO:Visual Rendered Successfully
2022-11-19 18:49:53,913:INFO:plot_model() succesfully completed......................................
2022-11-19 18:50:26,490:INFO:Initializing save_model()
2022-11-19 18:50:26,506:INFO:save_model(model=GradientBoostingClassifier(ccp_alpha=0.0, criterion='friedman_mse', init=None,
                           learning_rate=0.1, loss='deviance', max_depth=3,
                           max_features=None, max_leaf_nodes=None,
                           min_impurity_decrease=0.0, min_impurity_split=None,
                           min_samples_leaf=1, min_samples_split=2,
                           min_weight_fraction_leaf=0.0, n_estimators=100,
                           n_iter_no_change=None, presort='deprecated',
                           random_state=262, subsample=1.0, tol=0.0001,
                           validation_fraction=0.1, verbose=0,
                           warm_start=False), model_name=logistic, prep_pipe_=Pipeline(memory=None,
         steps=[('dtypes',
                 DataTypes_Auto_infer(categorical_features=[],
                                      display_types=True, features_todrop=[],
                                      id_columns=[],
                                      ml_usecase='classification',
                                      numerical_features=[],
                                      target='Transported', time_features=[])),
                ('imputer',
                 Simple_Imputer(categorical_strategy='not_available',
                                fill_value_categorical=None,
                                fill_value_numerical=None,
                                numeric_...
                ('scaling', 'passthrough'), ('P_transform', 'passthrough'),
                ('binn', 'passthrough'), ('rem_outliers', 'passthrough'),
                ('cluster_all', 'passthrough'),
                ('dummy', Dummify(target='Transported')),
                ('fix_perfect', Remove_100(target='Transported')),
                ('clean_names', Clean_Colum_Names()),
                ('feature_select', 'passthrough'), ('fix_multi', 'passthrough'),
                ('dfs', 'passthrough'), ('pca', 'passthrough')],
         verbose=False), verbose=True, kwargs={})
2022-11-19 18:50:26,516:INFO:Adding model into prep_pipe
2022-11-19 18:50:26,573:INFO:logistic.pkl saved in current working directory
2022-11-19 18:50:26,604:INFO:Pipeline(memory=None,
         steps=[('dtypes',
                 DataTypes_Auto_infer(categorical_features=[],
                                      display_types=True, features_todrop=[],
                                      id_columns=[],
                                      ml_usecase='classification',
                                      numerical_features=[],
                                      target='Transported', time_features=[])),
                ('imputer',
                 Simple_Imputer(categorical_strategy='not_available',
                                fill_value_categorical=None,
                                fill_value_numerical=None,
                                numeric_...
                                            learning_rate=0.1, loss='deviance',
                                            max_depth=3, max_features=None,
                                            max_leaf_nodes=None,
                                            min_impurity_decrease=0.0,
                                            min_impurity_split=None,
                                            min_samples_leaf=1,
                                            min_samples_split=2,
                                            min_weight_fraction_leaf=0.0,
                                            n_estimators=100,
                                            n_iter_no_change=None,
                                            presort='deprecated',
                                            random_state=262, subsample=1.0,
                                            tol=0.0001, validation_fraction=0.1,
                                            verbose=0, warm_start=False)]],
         verbose=False)
2022-11-19 18:50:26,611:INFO:save_model() successfully completed......................................
2022-11-19 18:51:02,469:INFO:Initializing load_model()
2022-11-19 18:51:02,473:INFO:load_model(model_name=logistic.pkl, platform=None, authentication=None, verbose=True)
2022-11-19 18:51:19,185:INFO:Initializing load_model()
2022-11-19 18:51:19,193:INFO:load_model(model_name=logistic, platform=None, authentication=None, verbose=True)
